<?xml version="1.0" encoding="UTF-8" ?>
<testsuite errors="0" failures="0" hostname="A2ML16673" name="devops.numbers.NumberWordsTests" skipped="0" tests="8" time="0.125" timestamp="2018-11-15T02:57:38">
  <properties>
[...]
</properties>
  <testcase classname="devops.numbers.NumberWordsTests" name="numbertowords1" time="0.0" />
  <testcase classname="devops.numbers.NumberWordsTests" name="numbertowords2" time="0.0" />
  <testcase classname="devops.numbers.NumberWordsTests" name="numbertowords3" time="0.0" />
  <testcase classname="devops.numbers.NumberWordsTests" name="numbertowords4" time="0.0" />
  <testcase classname="devops.numbers.NumberWordsTests" name="numbertowords5" time="0.0" />
  <testcase classname="devops.numbers.NumberWordsTests" name="numbertowords6" time="0.0" />
  <testcase classname="devops.numbers.NumberWordsTests" name="numbertowords7" time="0.0" />
  <testcase classname="devops.numbers.NumberWordsTests" name="numberOutOfRangeReturnsError1" time="0.0" />
  <system-out><![CDATA[]]></system-out>
  <system-err><![CDATA[]]></system-err>
</testsuite>
